<?xml version="1.0" encoding="UTF-8"?>
<!-- Generated by org.testng.reporters.JUnitReportReporter -->
<testsuite hostname="DESKTOP-33SJV2T" failures="0" tests="1" name="testCase.Login_TC" time="38.471" errors="0" timestamp="2023-01-18T15:03:38 IST" skipped="0">
  <testcase classname="testCase.Login_TC" name="AppointmentGroupClassTest" time="38.471"/>
  <system-out/>
</testsuite> <!-- testCase.Login_TC -->
