<?xml version="1.0" encoding="UTF-8"?>
<!-- Generated by org.testng.reporters.JUnitReportReporter -->
<testsuite hostname="DESKTOP-33SJV2T" failures="0" tests="1" name="testCase.User_Login_TC" time="137.492" errors="0" timestamp="2023-01-18T11:49:22 IST" skipped="0">
  <testcase classname="testCase.User_Login_TC" name="GroupClassConsultationsTest" time="137.492"/>
  <system-out/>
</testsuite> <!-- testCase.User_Login_TC -->
